2025-10-06 Monday 15:11:24 aiogram.dispatcher:INFO:Start polling
2025-10-06 Monday 15:11:24 aiogram.dispatcher:INFO:Run polling for bot @TrustMeOnboardingBot id=8162229584 - 'Onboarding AI Assistant'
2025-10-06 Monday 15:11:25 aiogram.event:INFO:Update id=186055907 is handled. Duration 516 ms by bot id=8162229584
2025-10-06 Monday 15:11:33 aiogram.event:INFO:Update id=186055908 is handled. Duration 109 ms by bot id=8162229584
2025-10-06 Monday 15:11:35 aiogram.event:INFO:Update id=186055909 is handled. Duration 110 ms by bot id=8162229584
2025-10-06 Monday 15:11:43 aiogram.event:INFO:Update id=186055910 is not handled. Duration 1187 ms by bot id=8162229584
2025-10-06 Monday 15:11:43 aiogram.event:ERROR:Cause exception while process update id=186055910 by bot id=8162229584
AttributeError: 'coroutine' object has no attribute 'output_text'
Traceback (most recent call last):
  File "C:\Users\Дархан\Desktop\TrustMe\Onboarding\.venv\Lib\site-packages\aiogram\dispatcher\dispatcher.py", line 309, in _process_update
    response = await self.feed_update(bot, update, **kwargs)
               ^^^^^^^^^^^^^^^^^^^^^^^^^^^^^^^^^^^^^^^^^^^^^
  File "C:\Users\Дархан\Desktop\TrustMe\Onboarding\.venv\Lib\site-packages\aiogram\dispatcher\dispatcher.py", line 158, in feed_update
    response = await self.update.wrap_outer_middleware(
               ^^^^^^^^^^^^^^^^^^^^^^^^^^^^^^^^^^^^^^^^
  File "C:\Users\Дархан\Desktop\TrustMe\Onboarding\.venv\Lib\site-packages\aiogram\dispatcher\middlewares\error.py", line 25, in __call__
    return await handler(event, data)
           ^^^^^^^^^^^^^^^^^^^^^^^^^^
  File "C:\Users\Дархан\Desktop\TrustMe\Onboarding\.venv\Lib\site-packages\aiogram\dispatcher\middlewares\user_context.py", line 56, in __call__
    return await handler(event, data)
           ^^^^^^^^^^^^^^^^^^^^^^^^^^
  File "C:\Users\Дархан\Desktop\TrustMe\Onboarding\.venv\Lib\site-packages\aiogram\fsm\middleware.py", line 42, in __call__
    return await handler(event, data)
           ^^^^^^^^^^^^^^^^^^^^^^^^^^
  File "C:\Users\Дархан\Desktop\TrustMe\Onboarding\.venv\Lib\site-packages\aiogram\dispatcher\event\telegram.py", line 121, in trigger
    return await wrapped_inner(event, kwargs)
           ^^^^^^^^^^^^^^^^^^^^^^^^^^^^^^^^^^
  File "C:\Users\Дархан\Desktop\TrustMe\Onboarding\.venv\Lib\site-packages\aiogram\dispatcher\event\handler.py", line 43, in call
    return await wrapped()
           ^^^^^^^^^^^^^^^
  File "C:\Users\Дархан\Desktop\TrustMe\Onboarding\.venv\Lib\site-packages\aiogram\dispatcher\dispatcher.py", line 276, in _listen_update
    return await self.propagate_event(update_type=update_type, event=event, **kwargs)
           ^^^^^^^^^^^^^^^^^^^^^^^^^^^^^^^^^^^^^^^^^^^^^^^^^^^^^^^^^^^^^^^^^^^^^^^^^^
  File "C:\Users\Дархан\Desktop\TrustMe\Onboarding\.venv\Lib\site-packages\aiogram\dispatcher\router.py", line 146, in propagate_event
    return await observer.wrap_outer_middleware(_wrapped, event=event, data=kwargs)
           ^^^^^^^^^^^^^^^^^^^^^^^^^^^^^^^^^^^^^^^^^^^^^^^^^^^^^^^^^^^^^^^^^^^^^^^^
  File "C:\Users\Дархан\Desktop\TrustMe\Onboarding\.venv\Lib\site-packages\aiogram\dispatcher\router.py", line 141, in _wrapped
    return await self._propagate_event(
           ^^^^^^^^^^^^^^^^^^^^^^^^^^^^
  File "C:\Users\Дархан\Desktop\TrustMe\Onboarding\.venv\Lib\site-packages\aiogram\dispatcher\router.py", line 174, in _propagate_event
    response = await router.propagate_event(update_type=update_type, event=event, **kwargs)
               ^^^^^^^^^^^^^^^^^^^^^^^^^^^^^^^^^^^^^^^^^^^^^^^^^^^^^^^^^^^^^^^^^^^^^^^^^^^^
  File "C:\Users\Дархан\Desktop\TrustMe\Onboarding\.venv\Lib\site-packages\aiogram\dispatcher\router.py", line 146, in propagate_event
    return await observer.wrap_outer_middleware(_wrapped, event=event, data=kwargs)
           ^^^^^^^^^^^^^^^^^^^^^^^^^^^^^^^^^^^^^^^^^^^^^^^^^^^^^^^^^^^^^^^^^^^^^^^^
  File "C:\Users\Дархан\Desktop\TrustMe\Onboarding\.venv\Lib\site-packages\aiogram\dispatcher\router.py", line 141, in _wrapped
    return await self._propagate_event(
           ^^^^^^^^^^^^^^^^^^^^^^^^^^^^
  File "C:\Users\Дархан\Desktop\TrustMe\Onboarding\.venv\Lib\site-packages\aiogram\dispatcher\router.py", line 174, in _propagate_event
    response = await router.propagate_event(update_type=update_type, event=event, **kwargs)
               ^^^^^^^^^^^^^^^^^^^^^^^^^^^^^^^^^^^^^^^^^^^^^^^^^^^^^^^^^^^^^^^^^^^^^^^^^^^^
  File "C:\Users\Дархан\Desktop\TrustMe\Onboarding\.venv\Lib\site-packages\aiogram\dispatcher\router.py", line 146, in propagate_event
    return await observer.wrap_outer_middleware(_wrapped, event=event, data=kwargs)
           ^^^^^^^^^^^^^^^^^^^^^^^^^^^^^^^^^^^^^^^^^^^^^^^^^^^^^^^^^^^^^^^^^^^^^^^^
  File "C:\Users\Дархан\Desktop\TrustMe\Onboarding\.venv\Lib\site-packages\aiogram\dispatcher\router.py", line 141, in _wrapped
    return await self._propagate_event(
           ^^^^^^^^^^^^^^^^^^^^^^^^^^^^
  File "C:\Users\Дархан\Desktop\TrustMe\Onboarding\.venv\Lib\site-packages\aiogram\dispatcher\router.py", line 166, in _propagate_event
    response = await observer.trigger(event, **kwargs)
               ^^^^^^^^^^^^^^^^^^^^^^^^^^^^^^^^^^^^^^^
  File "C:\Users\Дархан\Desktop\TrustMe\Onboarding\.venv\Lib\site-packages\aiogram\dispatcher\event\telegram.py", line 121, in trigger
    return await wrapped_inner(event, kwargs)
           ^^^^^^^^^^^^^^^^^^^^^^^^^^^^^^^^^^
  File "C:\Users\Дархан\Desktop\TrustMe\Onboarding\.venv\Lib\site-packages\aiogram\dispatcher\event\handler.py", line 43, in call
    return await wrapped()
           ^^^^^^^^^^^^^^^
  File "C:\Users\Дархан\Desktop\TrustMe\Onboarding\app\routers\qa.py", line 35, in process_question
    await message.answer(response.output_text)
                         ^^^^^^^^^^^^^^^^^^^^
AttributeError: 'coroutine' object has no attribute 'output_text'
2025-10-06 Monday 15:12:42 aiogram.dispatcher:INFO:Polling stopped
2025-10-06 Monday 15:12:42 aiogram.dispatcher:ERROR:Failed to fetch updates - TelegramNetworkError: HTTP Client says - ServerDisconnectedError: Server disconnected
2025-10-06 Monday 15:12:42 aiogram.dispatcher:WARNING:Sleep for 1.000000 seconds and try again... (tryings = 0, bot id = 8162229584)
2025-10-06 Monday 15:12:42 aiogram.dispatcher:INFO:Polling stopped for bot @TrustMeOnboardingBot id=8162229584 - 'Onboarding AI Assistant'
2025-10-06 Monday 15:12:50 aiogram.dispatcher:INFO:Start polling
2025-10-06 Monday 15:12:51 aiogram.dispatcher:INFO:Run polling for bot @TrustMeOnboardingBot id=8162229584 - 'Onboarding AI Assistant'
2025-10-06 Monday 15:12:51 aiogram.event:INFO:Update id=186055911 is handled. Duration 532 ms by bot id=8162229584
2025-10-06 Monday 15:13:00 aiogram.event:INFO:Update id=186055912 is handled. Duration 4625 ms by bot id=8162229584
2025-10-06 Monday 15:13:19 aiogram.dispatcher:INFO:Polling stopped
2025-10-06 Monday 15:13:19 aiogram.dispatcher:ERROR:Failed to fetch updates - TelegramNetworkError: HTTP Client says - ServerDisconnectedError: Server disconnected
2025-10-06 Monday 15:13:19 aiogram.dispatcher:WARNING:Sleep for 1.000000 seconds and try again... (tryings = 0, bot id = 8162229584)
2025-10-06 Monday 15:13:19 aiogram.dispatcher:INFO:Polling stopped for bot @TrustMeOnboardingBot id=8162229584 - 'Onboarding AI Assistant'
2025-10-06 Monday 15:13:28 aiogram.dispatcher:INFO:Start polling
2025-10-06 Monday 15:13:28 aiogram.dispatcher:INFO:Run polling for bot @TrustMeOnboardingBot id=8162229584 - 'Onboarding AI Assistant'
2025-10-06 Monday 15:13:29 aiogram.event:INFO:Update id=186055913 is handled. Duration 625 ms by bot id=8162229584
2025-10-06 Monday 15:13:34 aiogram.event:INFO:Update id=186055914 is handled. Duration 4796 ms by bot id=8162229584
2025-10-06 Monday 15:13:54 aiogram.dispatcher:INFO:Polling stopped
2025-10-06 Monday 15:13:54 aiogram.dispatcher:ERROR:Failed to fetch updates - TelegramNetworkError: HTTP Client says - ServerDisconnectedError: Server disconnected
2025-10-06 Monday 15:13:54 aiogram.dispatcher:WARNING:Sleep for 1.000000 seconds and try again... (tryings = 0, bot id = 8162229584)
2025-10-06 Monday 15:13:54 aiogram.dispatcher:INFO:Polling stopped for bot @TrustMeOnboardingBot id=8162229584 - 'Onboarding AI Assistant'
2025-10-06 Monday 15:14:02 aiogram.dispatcher:INFO:Start polling
2025-10-06 Monday 15:14:02 aiogram.dispatcher:INFO:Run polling for bot @TrustMeOnboardingBot id=8162229584 - 'Onboarding AI Assistant'
2025-10-06 Monday 15:14:03 aiogram.event:INFO:Update id=186055915 is handled. Duration 578 ms by bot id=8162229584
2025-10-06 Monday 15:14:06 aiogram.event:INFO:Update id=186055916 is not handled. Duration 0 ms by bot id=8162229584
2025-10-06 Monday 15:14:06 aiogram.event:ERROR:Cause exception while process update id=186055916 by bot id=8162229584
ValueError: Unsupported query type: <class 'coroutine'>
Traceback (most recent call last):
  File "C:\Users\Дархан\Desktop\TrustMe\Onboarding\.venv\Lib\site-packages\aiogram\dispatcher\dispatcher.py", line 309, in _process_update
    response = await self.feed_update(bot, update, **kwargs)
               ^^^^^^^^^^^^^^^^^^^^^^^^^^^^^^^^^^^^^^^^^^^^^
  File "C:\Users\Дархан\Desktop\TrustMe\Onboarding\.venv\Lib\site-packages\aiogram\dispatcher\dispatcher.py", line 158, in feed_update
    response = await self.update.wrap_outer_middleware(
               ^^^^^^^^^^^^^^^^^^^^^^^^^^^^^^^^^^^^^^^^
  File "C:\Users\Дархан\Desktop\TrustMe\Onboarding\.venv\Lib\site-packages\aiogram\dispatcher\middlewares\error.py", line 25, in __call__
    return await handler(event, data)
           ^^^^^^^^^^^^^^^^^^^^^^^^^^
  File "C:\Users\Дархан\Desktop\TrustMe\Onboarding\.venv\Lib\site-packages\aiogram\dispatcher\middlewares\user_context.py", line 56, in __call__
    return await handler(event, data)
           ^^^^^^^^^^^^^^^^^^^^^^^^^^
  File "C:\Users\Дархан\Desktop\TrustMe\Onboarding\.venv\Lib\site-packages\aiogram\fsm\middleware.py", line 42, in __call__
    return await handler(event, data)
           ^^^^^^^^^^^^^^^^^^^^^^^^^^
  File "C:\Users\Дархан\Desktop\TrustMe\Onboarding\.venv\Lib\site-packages\aiogram\dispatcher\event\telegram.py", line 121, in trigger
    return await wrapped_inner(event, kwargs)
           ^^^^^^^^^^^^^^^^^^^^^^^^^^^^^^^^^^
  File "C:\Users\Дархан\Desktop\TrustMe\Onboarding\.venv\Lib\site-packages\aiogram\dispatcher\event\handler.py", line 43, in call
    return await wrapped()
           ^^^^^^^^^^^^^^^
  File "C:\Users\Дархан\Desktop\TrustMe\Onboarding\.venv\Lib\site-packages\aiogram\dispatcher\dispatcher.py", line 276, in _listen_update
    return await self.propagate_event(update_type=update_type, event=event, **kwargs)
           ^^^^^^^^^^^^^^^^^^^^^^^^^^^^^^^^^^^^^^^^^^^^^^^^^^^^^^^^^^^^^^^^^^^^^^^^^^
  File "C:\Users\Дархан\Desktop\TrustMe\Onboarding\.venv\Lib\site-packages\aiogram\dispatcher\router.py", line 146, in propagate_event
    return await observer.wrap_outer_middleware(_wrapped, event=event, data=kwargs)
           ^^^^^^^^^^^^^^^^^^^^^^^^^^^^^^^^^^^^^^^^^^^^^^^^^^^^^^^^^^^^^^^^^^^^^^^^
  File "C:\Users\Дархан\Desktop\TrustMe\Onboarding\.venv\Lib\site-packages\aiogram\dispatcher\router.py", line 141, in _wrapped
    return await self._propagate_event(
           ^^^^^^^^^^^^^^^^^^^^^^^^^^^^
  File "C:\Users\Дархан\Desktop\TrustMe\Onboarding\.venv\Lib\site-packages\aiogram\dispatcher\router.py", line 174, in _propagate_event
    response = await router.propagate_event(update_type=update_type, event=event, **kwargs)
               ^^^^^^^^^^^^^^^^^^^^^^^^^^^^^^^^^^^^^^^^^^^^^^^^^^^^^^^^^^^^^^^^^^^^^^^^^^^^
  File "C:\Users\Дархан\Desktop\TrustMe\Onboarding\.venv\Lib\site-packages\aiogram\dispatcher\router.py", line 146, in propagate_event
    return await observer.wrap_outer_middleware(_wrapped, event=event, data=kwargs)
           ^^^^^^^^^^^^^^^^^^^^^^^^^^^^^^^^^^^^^^^^^^^^^^^^^^^^^^^^^^^^^^^^^^^^^^^^
  File "C:\Users\Дархан\Desktop\TrustMe\Onboarding\.venv\Lib\site-packages\aiogram\dispatcher\router.py", line 141, in _wrapped
    return await self._propagate_event(
           ^^^^^^^^^^^^^^^^^^^^^^^^^^^^
  File "C:\Users\Дархан\Desktop\TrustMe\Onboarding\.venv\Lib\site-packages\aiogram\dispatcher\router.py", line 174, in _propagate_event
    response = await router.propagate_event(update_type=update_type, event=event, **kwargs)
               ^^^^^^^^^^^^^^^^^^^^^^^^^^^^^^^^^^^^^^^^^^^^^^^^^^^^^^^^^^^^^^^^^^^^^^^^^^^^
  File "C:\Users\Дархан\Desktop\TrustMe\Onboarding\.venv\Lib\site-packages\aiogram\dispatcher\router.py", line 146, in propagate_event
    return await observer.wrap_outer_middleware(_wrapped, event=event, data=kwargs)
           ^^^^^^^^^^^^^^^^^^^^^^^^^^^^^^^^^^^^^^^^^^^^^^^^^^^^^^^^^^^^^^^^^^^^^^^^
  File "C:\Users\Дархан\Desktop\TrustMe\Onboarding\.venv\Lib\site-packages\aiogram\dispatcher\router.py", line 141, in _wrapped
    return await self._propagate_event(
           ^^^^^^^^^^^^^^^^^^^^^^^^^^^^
  File "C:\Users\Дархан\Desktop\TrustMe\Onboarding\.venv\Lib\site-packages\aiogram\dispatcher\router.py", line 166, in _propagate_event
    response = await observer.trigger(event, **kwargs)
               ^^^^^^^^^^^^^^^^^^^^^^^^^^^^^^^^^^^^^^^
  File "C:\Users\Дархан\Desktop\TrustMe\Onboarding\.venv\Lib\site-packages\aiogram\dispatcher\event\telegram.py", line 121, in trigger
    return await wrapped_inner(event, kwargs)
           ^^^^^^^^^^^^^^^^^^^^^^^^^^^^^^^^^^
  File "C:\Users\Дархан\Desktop\TrustMe\Onboarding\.venv\Lib\site-packages\aiogram\dispatcher\event\handler.py", line 43, in call
    return await wrapped()
           ^^^^^^^^^^^^^^^
  File "C:\Users\Дархан\Desktop\TrustMe\Onboarding\app\routers\qa.py", line 27, in process_question
    context = await qdrant_helper.retrieve_context(user_question=user_question)
              ^^^^^^^^^^^^^^^^^^^^^^^^^^^^^^^^^^^^^^^^^^^^^^^^^^^^^^^^^^^^^^^^^
  File "C:\Users\Дархан\Desktop\TrustMe\Onboarding\app\data\qdrant_helper.py", line 49, in retrieve_context
    search_result = await self.qdrant_client.query_points(
                    ^^^^^^^^^^^^^^^^^^^^^^^^^^^^^^^^^^^^^^
  File "C:\Users\Дархан\Desktop\TrustMe\Onboarding\.venv\Lib\site-packages\qdrant_client\async_qdrant_client.py", line 527, in query_points
    query = self._resolve_query(query)
            ^^^^^^^^^^^^^^^^^^^^^^^^^^
  File "C:\Users\Дархан\Desktop\TrustMe\Onboarding\.venv\Lib\site-packages\qdrant_client\async_qdrant_fastembed.py", line 769, in _resolve_query
    raise ValueError(f"Unsupported query type: {type(query)}")
ValueError: Unsupported query type: <class 'coroutine'>
2025-10-06 Monday 15:14:27 aiogram.dispatcher:INFO:Polling stopped
2025-10-06 Monday 15:14:27 aiogram.dispatcher:ERROR:Failed to fetch updates - TelegramNetworkError: HTTP Client says - ServerDisconnectedError: Server disconnected
2025-10-06 Monday 15:14:27 aiogram.dispatcher:WARNING:Sleep for 1.000000 seconds and try again... (tryings = 0, bot id = 8162229584)
2025-10-06 Monday 15:14:27 aiogram.dispatcher:INFO:Polling stopped for bot @TrustMeOnboardingBot id=8162229584 - 'Onboarding AI Assistant'
2025-10-06 Monday 15:14:36 aiogram.dispatcher:INFO:Start polling
2025-10-06 Monday 15:14:36 aiogram.dispatcher:INFO:Run polling for bot @TrustMeOnboardingBot id=8162229584 - 'Onboarding AI Assistant'
2025-10-06 Monday 15:14:39 aiogram.event:INFO:Update id=186055917 is handled. Duration 500 ms by bot id=8162229584
2025-10-06 Monday 15:14:50 aiogram.event:INFO:Update id=186055918 is handled. Duration 8702 ms by bot id=8162229584
2025-10-06 Monday 15:15:10 aiogram.event:INFO:Update id=186055919 is handled. Duration 3187 ms by bot id=8162229584
2025-10-06 Monday 15:15:34 aiogram.event:INFO:Update id=186055920 is handled. Duration 4687 ms by bot id=8162229584
2025-10-06 Monday 15:15:53 aiogram.event:INFO:Update id=186055921 is handled. Duration 10077 ms by bot id=8162229584
2025-10-06 Monday 15:16:19 aiogram.event:INFO:Update id=186055922 is handled. Duration 7796 ms by bot id=8162229584
2025-10-06 Monday 15:16:32 aiogram.event:INFO:Update id=186055923 is handled. Duration 140 ms by bot id=8162229584
2025-10-06 Monday 15:16:42 aiogram.event:INFO:Update id=186055924 is handled. Duration 5467 ms by bot id=8162229584
2025-10-06 Monday 15:17:08 aiogram.event:INFO:Update id=186055925 is handled. Duration 93 ms by bot id=8162229584
2025-10-06 Monday 15:17:22 aiogram.dispatcher:INFO:Polling stopped
2025-10-06 Monday 15:17:22 aiogram.dispatcher:ERROR:Failed to fetch updates - TelegramNetworkError: HTTP Client says - ServerDisconnectedError: Server disconnected
2025-10-06 Monday 15:17:22 aiogram.dispatcher:WARNING:Sleep for 1.000000 seconds and try again... (tryings = 0, bot id = 8162229584)
2025-10-06 Monday 15:17:22 aiogram.dispatcher:INFO:Polling stopped for bot @TrustMeOnboardingBot id=8162229584 - 'Onboarding AI Assistant'
2025-10-06 Monday 15:18:30 aiogram.dispatcher:INFO:Start polling
2025-10-06 Monday 15:18:30 aiogram.dispatcher:INFO:Run polling for bot @TrustMeOnboardingBot id=8162229584 - 'Onboarding AI Assistant'
2025-10-06 Monday 15:18:31 aiogram.event:INFO:Update id=186055926 is handled. Duration 625 ms by bot id=8162229584
2025-10-06 Monday 15:18:36 aiogram.event:INFO:Update id=186055927 is handled. Duration 5577 ms by bot id=8162229584
2025-10-06 Monday 15:20:28 aiogram.event:INFO:Update id=186055928 is handled. Duration 218 ms by bot id=8162229584
2025-10-06 Monday 15:20:35 aiogram.event:INFO:Update id=186055929 is handled. Duration 187 ms by bot id=8162229584
2025-10-06 Monday 15:20:49 aiogram.event:INFO:Update id=186055930 is handled. Duration 6078 ms by bot id=8162229584
2025-10-06 Monday 15:21:12 aiogram.event:INFO:Update id=186055931 is handled. Duration 11233 ms by bot id=8162229584
2025-10-06 Monday 15:21:53 aiogram.event:INFO:Update id=186055932 is handled. Duration 15234 ms by bot id=8162229584
2025-10-06 Monday 15:22:49 aiogram.event:INFO:Update id=186055933 is handled. Duration 108 ms by bot id=8162229584
2025-10-06 Monday 15:23:49 aiogram.event:INFO:Update id=186055934 is handled. Duration 140 ms by bot id=8162229584
2025-10-06 Monday 15:24:26 aiogram.event:INFO:Update id=186055935 is handled. Duration 14421 ms by bot id=8162229584
2025-10-06 Monday 16:03:48 aiogram.event:INFO:Update id=186055936 is handled. Duration 5780 ms by bot id=8162229584
2025-10-06 Monday 16:04:17 aiogram.event:INFO:Update id=186055937 is handled. Duration 13062 ms by bot id=8162229584
2025-10-06 Monday 16:04:44 aiogram.event:INFO:Update id=186055938 is handled. Duration 10280 ms by bot id=8162229584
2025-10-06 Monday 16:05:13 aiogram.event:INFO:Update id=186055939 is handled. Duration 11280 ms by bot id=8162229584
2025-10-06 Monday 16:06:16 aiogram.event:INFO:Update id=186055940 is handled. Duration 13750 ms by bot id=8162229584
2025-10-06 Monday 16:06:50 aiogram.event:INFO:Update id=186055941 is handled. Duration 8812 ms by bot id=8162229584
2025-10-06 Monday 16:07:11 aiogram.event:INFO:Update id=186055942 is handled. Duration 14296 ms by bot id=8162229584
2025-10-06 Monday 16:07:23 aiogram.event:INFO:Update id=186055943 is handled. Duration 5405 ms by bot id=8162229584
2025-10-06 Monday 16:07:54 aiogram.event:INFO:Update id=186055944 is handled. Duration 18389 ms by bot id=8162229584
2025-10-06 Monday 16:08:10 aiogram.event:INFO:Update id=186055945 is handled. Duration 8891 ms by bot id=8162229584
2025-10-06 Monday 16:08:34 aiogram.event:INFO:Update id=186055946 is handled. Duration 7452 ms by bot id=8162229584
2025-10-06 Monday 16:08:59 aiogram.event:INFO:Update id=186055947 is handled. Duration 8250 ms by bot id=8162229584
2025-10-06 Monday 16:09:21 aiogram.event:INFO:Update id=186055948 is handled. Duration 5015 ms by bot id=8162229584
2025-10-06 Monday 16:09:34 aiogram.event:INFO:Update id=186055949 is handled. Duration 4094 ms by bot id=8162229584
2025-10-06 Monday 16:10:29 aiogram.event:INFO:Update id=186055950 is handled. Duration 14657 ms by bot id=8162229584
2025-10-06 Monday 16:11:00 aiogram.event:INFO:Update id=186055951 is handled. Duration 3141 ms by bot id=8162229584
2025-10-06 Monday 16:11:36 aiogram.event:INFO:Update id=186055952 is handled. Duration 3375 ms by bot id=8162229584
2025-10-06 Monday 16:12:04 aiogram.event:INFO:Update id=186055953 is handled. Duration 5703 ms by bot id=8162229584
2025-10-06 Monday 16:12:42 aiogram.event:INFO:Update id=186055954 is handled. Duration 3233 ms by bot id=8162229584
2025-10-06 Monday 16:13:15 aiogram.event:INFO:Update id=186055955 is handled. Duration 20281 ms by bot id=8162229584
2025-10-06 Monday 16:13:33 aiogram.event:INFO:Update id=186055956 is handled. Duration 5062 ms by bot id=8162229584
2025-10-06 Monday 16:16:50 aiogram.event:INFO:Update id=186055957 is handled. Duration 125 ms by bot id=8162229584
2025-10-06 Monday 16:17:17 aiogram.event:INFO:Update id=186055958 is not handled. Duration 0 ms by bot id=8162229584
2025-10-06 Monday 16:18:03 aiogram.event:INFO:Update id=186055959 is handled. Duration 110 ms by bot id=8162229584
2025-10-06 Monday 16:20:00 aiogram.event:INFO:Update id=186055960 is handled. Duration 125 ms by bot id=8162229584
2025-10-06 Monday 16:20:13 aiogram.event:INFO:Update id=186055961 is handled. Duration 4703 ms by bot id=8162229584
2025-10-06 Monday 16:20:47 aiogram.event:INFO:Update id=186055962 is handled. Duration 155 ms by bot id=8162229584
2025-10-06 Monday 16:21:08 aiogram.event:INFO:Update id=186055963 is handled. Duration 9687 ms by bot id=8162229584
2025-10-06 Monday 16:21:13 aiogram.event:INFO:Update id=186055964 is handled. Duration 8687 ms by bot id=8162229584
2025-10-06 Monday 16:22:25 aiogram.dispatcher:ERROR:Failed to fetch updates - TelegramNetworkError: HTTP Client says - Request timeout error
2025-10-06 Monday 16:22:25 aiogram.dispatcher:WARNING:Sleep for 1.000000 seconds and try again... (tryings = 0, bot id = 8162229584)
2025-10-06 Monday 16:22:26 aiogram.dispatcher:ERROR:Failed to fetch updates - TelegramNetworkError: HTTP Client says - ClientConnectorDNSError: Cannot connect to host api.telegram.org:443 ssl:default [getaddrinfo failed]
2025-10-06 Monday 16:22:26 aiogram.dispatcher:WARNING:Sleep for 1.377548 seconds and try again... (tryings = 1, bot id = 8162229584)
2025-10-06 Monday 16:22:27 aiogram.dispatcher:ERROR:Failed to fetch updates - TelegramNetworkError: HTTP Client says - ClientConnectorDNSError: Cannot connect to host api.telegram.org:443 ssl:default [getaddrinfo failed]
2025-10-06 Monday 16:22:27 aiogram.dispatcher:WARNING:Sleep for 1.836361 seconds and try again... (tryings = 2, bot id = 8162229584)
2025-10-06 Monday 16:22:29 aiogram.dispatcher:ERROR:Failed to fetch updates - TelegramNetworkError: HTTP Client says - ClientConnectorDNSError: Cannot connect to host api.telegram.org:443 ssl:default [getaddrinfo failed]
2025-10-06 Monday 16:22:29 aiogram.dispatcher:WARNING:Sleep for 2.343649 seconds and try again... (tryings = 3, bot id = 8162229584)
2025-10-06 Monday 16:22:31 aiogram.dispatcher:ERROR:Failed to fetch updates - TelegramNetworkError: HTTP Client says - ClientConnectorDNSError: Cannot connect to host api.telegram.org:443 ssl:default [getaddrinfo failed]
2025-10-06 Monday 16:22:31 aiogram.dispatcher:WARNING:Sleep for 2.962143 seconds and try again... (tryings = 4, bot id = 8162229584)
2025-10-06 Monday 16:22:34 aiogram.dispatcher:ERROR:Failed to fetch updates - TelegramNetworkError: HTTP Client says - ClientConnectorDNSError: Cannot connect to host api.telegram.org:443 ssl:default [getaddrinfo failed]
2025-10-06 Monday 16:22:34 aiogram.dispatcher:WARNING:Sleep for 4.117145 seconds and try again... (tryings = 5, bot id = 8162229584)
2025-10-06 Monday 16:22:38 aiogram.dispatcher:ERROR:Failed to fetch updates - TelegramNetworkError: HTTP Client says - ClientConnectorDNSError: Cannot connect to host api.telegram.org:443 ssl:default [getaddrinfo failed]
2025-10-06 Monday 16:22:38 aiogram.dispatcher:WARNING:Sleep for 4.865759 seconds and try again... (tryings = 6, bot id = 8162229584)
2025-10-06 Monday 16:22:43 aiogram.dispatcher:ERROR:Failed to fetch updates - TelegramNetworkError: HTTP Client says - ClientConnectorDNSError: Cannot connect to host api.telegram.org:443 ssl:default [getaddrinfo failed]
2025-10-06 Monday 16:22:43 aiogram.dispatcher:WARNING:Sleep for 4.938360 seconds and try again... (tryings = 7, bot id = 8162229584)
2025-10-06 Monday 16:22:48 aiogram.dispatcher:ERROR:Failed to fetch updates - TelegramNetworkError: HTTP Client says - ClientConnectorDNSError: Cannot connect to host api.telegram.org:443 ssl:default [getaddrinfo failed]
2025-10-06 Monday 16:22:48 aiogram.dispatcher:WARNING:Sleep for 5.006159 seconds and try again... (tryings = 8, bot id = 8162229584)
2025-10-06 Monday 16:22:53 aiogram.dispatcher:ERROR:Failed to fetch updates - TelegramNetworkError: HTTP Client says - ClientConnectorDNSError: Cannot connect to host api.telegram.org:443 ssl:default [getaddrinfo failed]
2025-10-06 Monday 16:22:53 aiogram.dispatcher:WARNING:Sleep for 5.113179 seconds and try again... (tryings = 9, bot id = 8162229584)
2025-10-06 Monday 16:22:58 aiogram.dispatcher:ERROR:Failed to fetch updates - TelegramNetworkError: HTTP Client says - ClientConnectorDNSError: Cannot connect to host api.telegram.org:443 ssl:default [getaddrinfo failed]
2025-10-06 Monday 16:22:58 aiogram.dispatcher:WARNING:Sleep for 4.984394 seconds and try again... (tryings = 10, bot id = 8162229584)
2025-10-06 Monday 16:23:03 aiogram.dispatcher:ERROR:Failed to fetch updates - TelegramNetworkError: HTTP Client says - ClientConnectorDNSError: Cannot connect to host api.telegram.org:443 ssl:default [getaddrinfo failed]
2025-10-06 Monday 16:23:03 aiogram.dispatcher:WARNING:Sleep for 5.079486 seconds and try again... (tryings = 11, bot id = 8162229584)
2025-10-06 Monday 16:23:08 aiogram.dispatcher:ERROR:Failed to fetch updates - TelegramNetworkError: HTTP Client says - ClientConnectorDNSError: Cannot connect to host api.telegram.org:443 ssl:default [getaddrinfo failed]
2025-10-06 Monday 16:23:08 aiogram.dispatcher:WARNING:Sleep for 5.079962 seconds and try again... (tryings = 12, bot id = 8162229584)
2025-10-06 Monday 16:23:13 aiogram.dispatcher:ERROR:Failed to fetch updates - TelegramNetworkError: HTTP Client says - ClientConnectorDNSError: Cannot connect to host api.telegram.org:443 ssl:default [getaddrinfo failed]
2025-10-06 Monday 16:23:13 aiogram.dispatcher:WARNING:Sleep for 4.985229 seconds and try again... (tryings = 13, bot id = 8162229584)
2025-10-06 Monday 16:23:18 aiogram.dispatcher:ERROR:Failed to fetch updates - TelegramNetworkError: HTTP Client says - ClientConnectorDNSError: Cannot connect to host api.telegram.org:443 ssl:default [getaddrinfo failed]
2025-10-06 Monday 16:23:18 aiogram.dispatcher:WARNING:Sleep for 5.068261 seconds and try again... (tryings = 14, bot id = 8162229584)
2025-10-06 Monday 16:23:23 aiogram.dispatcher:ERROR:Failed to fetch updates - TelegramNetworkError: HTTP Client says - ClientConnectorDNSError: Cannot connect to host api.telegram.org:443 ssl:default [getaddrinfo failed]
2025-10-06 Monday 16:23:23 aiogram.dispatcher:WARNING:Sleep for 5.054031 seconds and try again... (tryings = 15, bot id = 8162229584)
2025-10-06 Monday 16:23:29 aiogram.dispatcher:ERROR:Failed to fetch updates - TelegramNetworkError: HTTP Client says - ClientConnectorDNSError: Cannot connect to host api.telegram.org:443 ssl:default [getaddrinfo failed]
2025-10-06 Monday 16:23:29 aiogram.dispatcher:WARNING:Sleep for 5.052471 seconds and try again... (tryings = 16, bot id = 8162229584)
2025-10-06 Monday 16:23:46 aiogram.dispatcher:ERROR:Failed to fetch updates - TelegramNetworkError: HTTP Client says - ClientConnectorDNSError: Cannot connect to host api.telegram.org:443 ssl:default [getaddrinfo failed]
2025-10-06 Monday 16:23:46 aiogram.dispatcher:WARNING:Sleep for 5.002526 seconds and try again... (tryings = 17, bot id = 8162229584)
2025-10-06 Monday 16:24:03 aiogram.dispatcher:ERROR:Failed to fetch updates - TelegramNetworkError: HTTP Client says - ClientConnectorDNSError: Cannot connect to host api.telegram.org:443 ssl:default [getaddrinfo failed]
2025-10-06 Monday 16:24:03 aiogram.dispatcher:WARNING:Sleep for 4.955427 seconds and try again... (tryings = 18, bot id = 8162229584)
2025-10-06 Monday 16:24:08 aiogram.dispatcher:ERROR:Failed to fetch updates - TelegramNetworkError: HTTP Client says - ClientConnectorDNSError: Cannot connect to host api.telegram.org:443 ssl:default [getaddrinfo failed]
2025-10-06 Monday 16:24:08 aiogram.dispatcher:WARNING:Sleep for 4.961231 seconds and try again... (tryings = 19, bot id = 8162229584)
2025-10-06 Monday 16:24:13 aiogram.dispatcher:ERROR:Failed to fetch updates - TelegramNetworkError: HTTP Client says - ClientConnectorDNSError: Cannot connect to host api.telegram.org:443 ssl:default [getaddrinfo failed]
2025-10-06 Monday 16:24:13 aiogram.dispatcher:WARNING:Sleep for 5.081737 seconds and try again... (tryings = 20, bot id = 8162229584)
2025-10-06 Monday 16:24:18 aiogram.dispatcher:ERROR:Failed to fetch updates - TelegramNetworkError: HTTP Client says - ClientConnectorDNSError: Cannot connect to host api.telegram.org:443 ssl:default [getaddrinfo failed]
2025-10-06 Monday 16:24:18 aiogram.dispatcher:WARNING:Sleep for 4.955966 seconds and try again... (tryings = 21, bot id = 8162229584)
2025-10-06 Monday 16:24:23 aiogram.dispatcher:ERROR:Failed to fetch updates - TelegramNetworkError: HTTP Client says - ClientConnectorDNSError: Cannot connect to host api.telegram.org:443 ssl:default [getaddrinfo failed]
2025-10-06 Monday 16:24:23 aiogram.dispatcher:WARNING:Sleep for 4.979823 seconds and try again... (tryings = 22, bot id = 8162229584)
2025-10-06 Monday 16:24:28 aiogram.dispatcher:INFO:Connection established (tryings = 23, bot id = 8162229584)
2025-10-06 Monday 16:24:34 aiogram.event:INFO:Update id=186055968 is handled. Duration 5577 ms by bot id=8162229584
2025-10-06 Monday 16:24:35 aiogram.event:INFO:Update id=186055967 is handled. Duration 6718 ms by bot id=8162229584
2025-10-06 Monday 16:24:39 aiogram.event:INFO:Update id=186055965 is handled. Duration 10921 ms by bot id=8162229584
2025-10-06 Monday 16:24:39 aiogram.event:INFO:Update id=186055969 is handled. Duration 11125 ms by bot id=8162229584
2025-10-06 Monday 16:24:40 aiogram.event:INFO:Update id=186055966 is handled. Duration 11609 ms by bot id=8162229584
2025-10-06 Monday 16:24:50 aiogram.event:INFO:Update id=186055970 is handled. Duration 108 ms by bot id=8162229584
2025-10-06 Monday 16:25:33 aiogram.event:INFO:Update id=186055971 is handled. Duration 94 ms by bot id=8162229584
2025-10-06 Monday 16:26:53 aiogram.event:INFO:Update id=186055972 is handled. Duration 5858 ms by bot id=8162229584
2025-10-06 Monday 16:34:02 aiogram.event:INFO:Update id=186055973 is handled. Duration 6687 ms by bot id=8162229584
2025-10-06 Monday 16:39:52 aiogram.event:INFO:Update id=186055974 is handled. Duration 3233 ms by bot id=8162229584
2025-10-06 Monday 16:40:34 aiogram.event:INFO:Update id=186055975 is handled. Duration 3375 ms by bot id=8162229584
2025-10-06 Monday 16:40:53 aiogram.event:INFO:Update id=186055976 is handled. Duration 8921 ms by bot id=8162229584
2025-10-06 Monday 16:41:11 aiogram.event:INFO:Update id=186055977 is handled. Duration 3437 ms by bot id=8162229584
2025-10-06 Monday 16:41:40 aiogram.event:INFO:Update id=186055978 is handled. Duration 4391 ms by bot id=8162229584
2025-10-06 Monday 16:42:03 aiogram.event:INFO:Update id=186055979 is handled. Duration 4437 ms by bot id=8162229584
2025-10-06 Monday 16:54:41 aiogram.dispatcher:INFO:Polling stopped
2025-10-06 Monday 16:54:41 aiogram.dispatcher:ERROR:Failed to fetch updates - TelegramNetworkError: HTTP Client says - ServerDisconnectedError: Server disconnected
2025-10-06 Monday 16:54:41 aiogram.dispatcher:WARNING:Sleep for 1.000000 seconds and try again... (tryings = 0, bot id = 8162229584)
2025-10-06 Monday 16:54:41 aiogram.dispatcher:INFO:Polling stopped for bot @TrustMeOnboardingBot id=8162229584 - 'Onboarding AI Assistant'
2025-10-07 Tuesday 09:31:50 aiogram.dispatcher:INFO:Start polling
2025-10-07 Tuesday 09:31:51 aiogram.dispatcher:INFO:Run polling for bot @TrustMeOnboardingBot id=8162229584 - 'Onboarding AI Bot'
2025-10-07 Tuesday 09:31:51 aiogram.event:INFO:Update id=186055980 is handled. Duration 312 ms by bot id=8162229584
2025-10-07 Tuesday 09:31:53 aiogram.event:INFO:Update id=186055981 is handled. Duration 125 ms by bot id=8162229584
2025-10-07 Tuesday 09:39:02 aiogram.dispatcher:INFO:Polling stopped
2025-10-07 Tuesday 09:39:02 aiogram.dispatcher:ERROR:Failed to fetch updates - TelegramNetworkError: HTTP Client says - ServerDisconnectedError: Server disconnected
2025-10-07 Tuesday 09:39:02 aiogram.dispatcher:WARNING:Sleep for 1.000000 seconds and try again... (tryings = 0, bot id = 8162229584)
2025-10-07 Tuesday 09:39:02 aiogram.dispatcher:INFO:Polling stopped for bot @TrustMeOnboardingBot id=8162229584 - 'Onboarding AI Bot'
2025-10-07 Tuesday 11:05:24 aiogram.dispatcher:INFO:Start polling
2025-10-07 Tuesday 11:05:24 aiogram.dispatcher:INFO:Run polling for bot @TrustMeOnboardingBot id=8162229584 - 'Onboarding AI Bot'
2025-10-07 Tuesday 11:05:26 aiogram.event:INFO:Update id=186055982 is handled. Duration 546 ms by bot id=8162229584
2025-10-07 Tuesday 11:05:34 aiogram.event:INFO:Update id=186055983 is handled. Duration 93 ms by bot id=8162229584
2025-10-07 Tuesday 11:05:41 aiogram.event:INFO:Update id=186055984 is handled. Duration 108 ms by bot id=8162229584
2025-10-07 Tuesday 11:06:15 aiogram.event:INFO:Update id=186055985 is handled. Duration 155 ms by bot id=8162229584
2025-10-07 Tuesday 11:06:44 aiogram.event:INFO:Update id=186055986 is handled. Duration 264 ms by bot id=8162229584
2025-10-07 Tuesday 11:07:04 aiogram.event:INFO:Update id=186055987 is handled. Duration 125 ms by bot id=8162229584
2025-10-07 Tuesday 11:07:13 aiogram.event:INFO:Update id=186055988 is handled. Duration 280 ms by bot id=8162229584
2025-10-07 Tuesday 11:07:27 aiogram.event:INFO:Update id=186055989 is handled. Duration 125 ms by bot id=8162229584
2025-10-07 Tuesday 11:07:47 aiogram.event:INFO:Update id=186055990 is handled. Duration 157 ms by bot id=8162229584
2025-10-07 Tuesday 11:07:58 aiogram.event:INFO:Update id=186055991 is handled. Duration 92 ms by bot id=8162229584
2025-10-07 Tuesday 11:08:11 aiogram.event:INFO:Update id=186055992 is not handled. Duration 0 ms by bot id=8162229584
2025-10-07 Tuesday 11:08:20 aiogram.event:INFO:Update id=186055993 is handled. Duration 141 ms by bot id=8162229584
2025-10-07 Tuesday 11:08:46 aiogram.event:INFO:Update id=186055994 is not handled. Duration 6046 ms by bot id=8162229584
2025-10-07 Tuesday 11:08:46 aiogram.event:ERROR:Cause exception while process update id=186055994 by bot id=8162229584
ResponseHandlingException: All connection attempts failed
Traceback (most recent call last):
  File "C:\Users\Дархан\Desktop\TrustMe\Onboarding\.venv\Lib\site-packages\httpx\_transports\default.py", line 101, in map_httpcore_exceptions
    yield
  File "C:\Users\Дархан\Desktop\TrustMe\Onboarding\.venv\Lib\site-packages\httpx\_transports\default.py", line 394, in handle_async_request
    resp = await self._pool.handle_async_request(req)
           ^^^^^^^^^^^^^^^^^^^^^^^^^^^^^^^^^^^^^^^^^^
  File "C:\Users\Дархан\Desktop\TrustMe\Onboarding\.venv\Lib\site-packages\httpcore\_async\connection_pool.py", line 256, in handle_async_request
    raise exc from None
  File "C:\Users\Дархан\Desktop\TrustMe\Onboarding\.venv\Lib\site-packages\httpcore\_async\connection_pool.py", line 236, in handle_async_request
    response = await connection.handle_async_request(
               ^^^^^^^^^^^^^^^^^^^^^^^^^^^^^^^^^^^^^^
  File "C:\Users\Дархан\Desktop\TrustMe\Onboarding\.venv\Lib\site-packages\httpcore\_async\connection.py", line 101, in handle_async_request
    raise exc
  File "C:\Users\Дархан\Desktop\TrustMe\Onboarding\.venv\Lib\site-packages\httpcore\_async\connection.py", line 78, in handle_async_request
    stream = await self._connect(request)
             ^^^^^^^^^^^^^^^^^^^^^^^^^^^^
  File "C:\Users\Дархан\Desktop\TrustMe\Onboarding\.venv\Lib\site-packages\httpcore\_async\connection.py", line 124, in _connect
    stream = await self._network_backend.connect_tcp(**kwargs)
             ^^^^^^^^^^^^^^^^^^^^^^^^^^^^^^^^^^^^^^^^^^^^^^^^^
  File "C:\Users\Дархан\Desktop\TrustMe\Onboarding\.venv\Lib\site-packages\httpcore\_backends\auto.py", line 31, in connect_tcp
    return await self._backend.connect_tcp(
           ^^^^^^^^^^^^^^^^^^^^^^^^^^^^^^^^
  File "C:\Users\Дархан\Desktop\TrustMe\Onboarding\.venv\Lib\site-packages\httpcore\_backends\anyio.py", line 113, in connect_tcp
    with map_exceptions(exc_map):
         ^^^^^^^^^^^^^^^^^^^^^^^
  File "C:\Program Files\Python312\Lib\contextlib.py", line 158, in __exit__
    self.gen.throw(value)
  File "C:\Users\Дархан\Desktop\TrustMe\Onboarding\.venv\Lib\site-packages\httpcore\_exceptions.py", line 14, in map_exceptions
    raise to_exc(exc) from exc
httpcore.ConnectError: All connection attempts failed

The above exception was the direct cause of the following exception:

Traceback (most recent call last):
  File "C:\Users\Дархан\Desktop\TrustMe\Onboarding\.venv\Lib\site-packages\qdrant_client\http\api_client.py", line 223, in send_inner
    response = await self._async_client.send(request)
               ^^^^^^^^^^^^^^^^^^^^^^^^^^^^^^^^^^^^^^
  File "C:\Users\Дархан\Desktop\TrustMe\Onboarding\.venv\Lib\site-packages\httpx\_client.py", line 1629, in send
    response = await self._send_handling_auth(
               ^^^^^^^^^^^^^^^^^^^^^^^^^^^^^^^
  File "C:\Users\Дархан\Desktop\TrustMe\Onboarding\.venv\Lib\site-packages\httpx\_client.py", line 1657, in _send_handling_auth
    response = await self._send_handling_redirects(
               ^^^^^^^^^^^^^^^^^^^^^^^^^^^^^^^^^^^^
  File "C:\Users\Дархан\Desktop\TrustMe\Onboarding\.venv\Lib\site-packages\httpx\_client.py", line 1694, in _send_handling_redirects
    response = await self._send_single_request(request)
               ^^^^^^^^^^^^^^^^^^^^^^^^^^^^^^^^^^^^^^^^
  File "C:\Users\Дархан\Desktop\TrustMe\Onboarding\.venv\Lib\site-packages\httpx\_client.py", line 1730, in _send_single_request
    response = await transport.handle_async_request(request)
               ^^^^^^^^^^^^^^^^^^^^^^^^^^^^^^^^^^^^^^^^^^^^^
  File "C:\Users\Дархан\Desktop\TrustMe\Onboarding\.venv\Lib\site-packages\httpx\_transports\default.py", line 393, in handle_async_request
    with map_httpcore_exceptions():
         ^^^^^^^^^^^^^^^^^^^^^^^^^
  File "C:\Program Files\Python312\Lib\contextlib.py", line 158, in __exit__
    self.gen.throw(value)
  File "C:\Users\Дархан\Desktop\TrustMe\Onboarding\.venv\Lib\site-packages\httpx\_transports\default.py", line 118, in map_httpcore_exceptions
    raise mapped_exc(message) from exc
httpx.ConnectError: All connection attempts failed

During handling of the above exception, another exception occurred:

Traceback (most recent call last):
  File "C:\Users\Дархан\Desktop\TrustMe\Onboarding\.venv\Lib\site-packages\aiogram\dispatcher\dispatcher.py", line 309, in _process_update
    response = await self.feed_update(bot, update, **kwargs)
               ^^^^^^^^^^^^^^^^^^^^^^^^^^^^^^^^^^^^^^^^^^^^^
  File "C:\Users\Дархан\Desktop\TrustMe\Onboarding\.venv\Lib\site-packages\aiogram\dispatcher\dispatcher.py", line 158, in feed_update
    response = await self.update.wrap_outer_middleware(
               ^^^^^^^^^^^^^^^^^^^^^^^^^^^^^^^^^^^^^^^^
  File "C:\Users\Дархан\Desktop\TrustMe\Onboarding\.venv\Lib\site-packages\aiogram\dispatcher\middlewares\error.py", line 25, in __call__
    return await handler(event, data)
           ^^^^^^^^^^^^^^^^^^^^^^^^^^
  File "C:\Users\Дархан\Desktop\TrustMe\Onboarding\.venv\Lib\site-packages\aiogram\dispatcher\middlewares\user_context.py", line 56, in __call__
    return await handler(event, data)
           ^^^^^^^^^^^^^^^^^^^^^^^^^^
  File "C:\Users\Дархан\Desktop\TrustMe\Onboarding\.venv\Lib\site-packages\aiogram\fsm\middleware.py", line 42, in __call__
    return await handler(event, data)
           ^^^^^^^^^^^^^^^^^^^^^^^^^^
  File "C:\Users\Дархан\Desktop\TrustMe\Onboarding\.venv\Lib\site-packages\aiogram\dispatcher\event\telegram.py", line 121, in trigger
    return await wrapped_inner(event, kwargs)
           ^^^^^^^^^^^^^^^^^^^^^^^^^^^^^^^^^^
  File "C:\Users\Дархан\Desktop\TrustMe\Onboarding\.venv\Lib\site-packages\aiogram\dispatcher\event\handler.py", line 43, in call
    return await wrapped()
           ^^^^^^^^^^^^^^^
  File "C:\Users\Дархан\Desktop\TrustMe\Onboarding\.venv\Lib\site-packages\aiogram\dispatcher\dispatcher.py", line 276, in _listen_update
    return await self.propagate_event(update_type=update_type, event=event, **kwargs)
           ^^^^^^^^^^^^^^^^^^^^^^^^^^^^^^^^^^^^^^^^^^^^^^^^^^^^^^^^^^^^^^^^^^^^^^^^^^
  File "C:\Users\Дархан\Desktop\TrustMe\Onboarding\.venv\Lib\site-packages\aiogram\dispatcher\router.py", line 146, in propagate_event
    return await observer.wrap_outer_middleware(_wrapped, event=event, data=kwargs)
           ^^^^^^^^^^^^^^^^^^^^^^^^^^^^^^^^^^^^^^^^^^^^^^^^^^^^^^^^^^^^^^^^^^^^^^^^
  File "C:\Users\Дархан\Desktop\TrustMe\Onboarding\.venv\Lib\site-packages\aiogram\dispatcher\router.py", line 141, in _wrapped
    return await self._propagate_event(
           ^^^^^^^^^^^^^^^^^^^^^^^^^^^^
  File "C:\Users\Дархан\Desktop\TrustMe\Onboarding\.venv\Lib\site-packages\aiogram\dispatcher\router.py", line 174, in _propagate_event
    response = await router.propagate_event(update_type=update_type, event=event, **kwargs)
               ^^^^^^^^^^^^^^^^^^^^^^^^^^^^^^^^^^^^^^^^^^^^^^^^^^^^^^^^^^^^^^^^^^^^^^^^^^^^
  File "C:\Users\Дархан\Desktop\TrustMe\Onboarding\.venv\Lib\site-packages\aiogram\dispatcher\router.py", line 146, in propagate_event
    return await observer.wrap_outer_middleware(_wrapped, event=event, data=kwargs)
           ^^^^^^^^^^^^^^^^^^^^^^^^^^^^^^^^^^^^^^^^^^^^^^^^^^^^^^^^^^^^^^^^^^^^^^^^
  File "C:\Users\Дархан\Desktop\TrustMe\Onboarding\.venv\Lib\site-packages\aiogram\dispatcher\router.py", line 141, in _wrapped
    return await self._propagate_event(
           ^^^^^^^^^^^^^^^^^^^^^^^^^^^^
  File "C:\Users\Дархан\Desktop\TrustMe\Onboarding\.venv\Lib\site-packages\aiogram\dispatcher\router.py", line 174, in _propagate_event
    response = await router.propagate_event(update_type=update_type, event=event, **kwargs)
               ^^^^^^^^^^^^^^^^^^^^^^^^^^^^^^^^^^^^^^^^^^^^^^^^^^^^^^^^^^^^^^^^^^^^^^^^^^^^
  File "C:\Users\Дархан\Desktop\TrustMe\Onboarding\.venv\Lib\site-packages\aiogram\dispatcher\router.py", line 146, in propagate_event
    return await observer.wrap_outer_middleware(_wrapped, event=event, data=kwargs)
           ^^^^^^^^^^^^^^^^^^^^^^^^^^^^^^^^^^^^^^^^^^^^^^^^^^^^^^^^^^^^^^^^^^^^^^^^
  File "C:\Users\Дархан\Desktop\TrustMe\Onboarding\.venv\Lib\site-packages\aiogram\dispatcher\router.py", line 141, in _wrapped
    return await self._propagate_event(
           ^^^^^^^^^^^^^^^^^^^^^^^^^^^^
  File "C:\Users\Дархан\Desktop\TrustMe\Onboarding\.venv\Lib\site-packages\aiogram\dispatcher\router.py", line 166, in _propagate_event
    response = await observer.trigger(event, **kwargs)
               ^^^^^^^^^^^^^^^^^^^^^^^^^^^^^^^^^^^^^^^
  File "C:\Users\Дархан\Desktop\TrustMe\Onboarding\.venv\Lib\site-packages\aiogram\dispatcher\event\telegram.py", line 121, in trigger
    return await wrapped_inner(event, kwargs)
           ^^^^^^^^^^^^^^^^^^^^^^^^^^^^^^^^^^
  File "C:\Users\Дархан\Desktop\TrustMe\Onboarding\.venv\Lib\site-packages\aiogram\dispatcher\event\handler.py", line 43, in call
    return await wrapped()
           ^^^^^^^^^^^^^^^
  File "C:\Users\Дархан\Desktop\TrustMe\Onboarding\app\routers\qa.py", line 27, in process_question
    context = await qdrant_helper.retrieve_context(user_question=user_question)
              ^^^^^^^^^^^^^^^^^^^^^^^^^^^^^^^^^^^^^^^^^^^^^^^^^^^^^^^^^^^^^^^^^
  File "C:\Users\Дархан\Desktop\TrustMe\Onboarding\app\data\qdrant_helper.py", line 49, in retrieve_context
    search_result = await self.qdrant_client.query_points(
                    ^^^^^^^^^^^^^^^^^^^^^^^^^^^^^^^^^^^^^^
  File "C:\Users\Дархан\Desktop\TrustMe\Onboarding\.venv\Lib\site-packages\qdrant_client\async_qdrant_client.py", line 563, in query_points
    return await self._client.query_points(
           ^^^^^^^^^^^^^^^^^^^^^^^^^^^^^^^^
  File "C:\Users\Дархан\Desktop\TrustMe\Onboarding\.venv\Lib\site-packages\qdrant_client\async_qdrant_remote.py", line 590, in query_points
    query_result = await self.http.search_api.query_points(
                   ^^^^^^^^^^^^^^^^^^^^^^^^^^^^^^^^^^^^^^^^
  File "C:\Users\Дархан\Desktop\TrustMe\Onboarding\.venv\Lib\site-packages\qdrant_client\http\api\search_api.py", line 560, in query_points
    return await self._build_for_query_points(
           ^^^^^^^^^^^^^^^^^^^^^^^^^^^^^^^^^^^
  File "C:\Users\Дархан\Desktop\TrustMe\Onboarding\.venv\Lib\site-packages\qdrant_client\http\api_client.py", line 184, in request
    return await self.send(request, type_)
           ^^^^^^^^^^^^^^^^^^^^^^^^^^^^^^^
  File "C:\Users\Дархан\Desktop\TrustMe\Onboarding\.venv\Lib\site-packages\qdrant_client\http\api_client.py", line 201, in send
    response = await self.middleware(request, self.send_inner)
               ^^^^^^^^^^^^^^^^^^^^^^^^^^^^^^^^^^^^^^^^^^^^^^^
  File "C:\Users\Дархан\Desktop\TrustMe\Onboarding\.venv\Lib\site-packages\qdrant_client\http\api_client.py", line 245, in __call__
    return await call_next(request)
           ^^^^^^^^^^^^^^^^^^^^^^^^
  File "C:\Users\Дархан\Desktop\TrustMe\Onboarding\.venv\Lib\site-packages\qdrant_client\http\api_client.py", line 225, in send_inner
    raise ResponseHandlingException(e)
qdrant_client.http.exceptions.ResponseHandlingException: All connection attempts failed
2025-10-07 Tuesday 11:09:02 aiogram.event:INFO:Update id=186055995 is handled. Duration 141 ms by bot id=8162229584
2025-10-07 Tuesday 11:09:10 aiogram.event:INFO:Update id=186055996 is handled. Duration 125 ms by bot id=8162229584
2025-10-07 Tuesday 11:09:14 aiogram.event:INFO:Update id=186055997 is handled. Duration 125 ms by bot id=8162229584
2025-10-07 Tuesday 11:09:19 aiogram.event:INFO:Update id=186055998 is handled. Duration 109 ms by bot id=8162229584
2025-10-07 Tuesday 11:09:31 aiogram.event:INFO:Update id=186055999 is handled. Duration 125 ms by bot id=8162229584
2025-10-07 Tuesday 11:09:40 aiogram.event:INFO:Update id=186056000 is handled. Duration 109 ms by bot id=8162229584
2025-10-07 Tuesday 11:32:30 aiogram.dispatcher:INFO:Polling stopped
2025-10-07 Tuesday 11:32:30 aiogram.dispatcher:ERROR:Failed to fetch updates - TelegramNetworkError: HTTP Client says - ServerDisconnectedError: Server disconnected
2025-10-07 Tuesday 11:32:30 aiogram.dispatcher:WARNING:Sleep for 1.000000 seconds and try again... (tryings = 0, bot id = 8162229584)
2025-10-07 Tuesday 11:32:30 aiogram.dispatcher:INFO:Polling stopped for bot @TrustMeOnboardingBot id=8162229584 - 'Onboarding AI Bot'
2025-10-07 Tuesday 12:26:52 aiogram.dispatcher:INFO:Start polling
2025-10-07 Tuesday 12:26:53 aiogram.dispatcher:INFO:Run polling for bot @TrustMeOnboardingBot id=8162229584 - 'Onboarding AI Bot'
2025-10-07 Tuesday 12:27:02 aiogram.event:INFO:Update id=186056001 is not handled. Duration 0 ms by bot id=8162229584
2025-10-07 Tuesday 12:27:02 aiogram.event:ERROR:Cause exception while process update id=186056001 by bot id=8162229584
TypeError: Object of type coroutine is not JSON serializable
Traceback (most recent call last):
  File "C:\Users\Дархан\Desktop\TrustMe\Onboarding\.venv\Lib\site-packages\aiogram\dispatcher\dispatcher.py", line 309, in _process_update
    response = await self.feed_update(bot, update, **kwargs)
               ^^^^^^^^^^^^^^^^^^^^^^^^^^^^^^^^^^^^^^^^^^^^^
  File "C:\Users\Дархан\Desktop\TrustMe\Onboarding\.venv\Lib\site-packages\aiogram\dispatcher\dispatcher.py", line 158, in feed_update
    response = await self.update.wrap_outer_middleware(
               ^^^^^^^^^^^^^^^^^^^^^^^^^^^^^^^^^^^^^^^^
  File "C:\Users\Дархан\Desktop\TrustMe\Onboarding\.venv\Lib\site-packages\aiogram\dispatcher\middlewares\error.py", line 25, in __call__
    return await handler(event, data)
           ^^^^^^^^^^^^^^^^^^^^^^^^^^
  File "C:\Users\Дархан\Desktop\TrustMe\Onboarding\.venv\Lib\site-packages\aiogram\dispatcher\middlewares\user_context.py", line 56, in __call__
    return await handler(event, data)
           ^^^^^^^^^^^^^^^^^^^^^^^^^^
  File "C:\Users\Дархан\Desktop\TrustMe\Onboarding\.venv\Lib\site-packages\aiogram\fsm\middleware.py", line 42, in __call__
    return await handler(event, data)
           ^^^^^^^^^^^^^^^^^^^^^^^^^^
  File "C:\Users\Дархан\Desktop\TrustMe\Onboarding\.venv\Lib\site-packages\aiogram\dispatcher\event\telegram.py", line 121, in trigger
    return await wrapped_inner(event, kwargs)
           ^^^^^^^^^^^^^^^^^^^^^^^^^^^^^^^^^^
  File "C:\Users\Дархан\Desktop\TrustMe\Onboarding\app\middlewares\db.py", line 21, in __call__
    return await handler(event, data)
           ^^^^^^^^^^^^^^^^^^^^^^^^^^
  File "C:\Users\Дархан\Desktop\TrustMe\Onboarding\.venv\Lib\site-packages\aiogram\dispatcher\event\handler.py", line 43, in call
    return await wrapped()
           ^^^^^^^^^^^^^^^
  File "C:\Users\Дархан\Desktop\TrustMe\Onboarding\.venv\Lib\site-packages\aiogram\dispatcher\dispatcher.py", line 276, in _listen_update
    return await self.propagate_event(update_type=update_type, event=event, **kwargs)
           ^^^^^^^^^^^^^^^^^^^^^^^^^^^^^^^^^^^^^^^^^^^^^^^^^^^^^^^^^^^^^^^^^^^^^^^^^^
  File "C:\Users\Дархан\Desktop\TrustMe\Onboarding\.venv\Lib\site-packages\aiogram\dispatcher\router.py", line 146, in propagate_event
    return await observer.wrap_outer_middleware(_wrapped, event=event, data=kwargs)
           ^^^^^^^^^^^^^^^^^^^^^^^^^^^^^^^^^^^^^^^^^^^^^^^^^^^^^^^^^^^^^^^^^^^^^^^^
  File "C:\Users\Дархан\Desktop\TrustMe\Onboarding\.venv\Lib\site-packages\aiogram\dispatcher\router.py", line 141, in _wrapped
    return await self._propagate_event(
           ^^^^^^^^^^^^^^^^^^^^^^^^^^^^
  File "C:\Users\Дархан\Desktop\TrustMe\Onboarding\.venv\Lib\site-packages\aiogram\dispatcher\router.py", line 174, in _propagate_event
    response = await router.propagate_event(update_type=update_type, event=event, **kwargs)
               ^^^^^^^^^^^^^^^^^^^^^^^^^^^^^^^^^^^^^^^^^^^^^^^^^^^^^^^^^^^^^^^^^^^^^^^^^^^^
  File "C:\Users\Дархан\Desktop\TrustMe\Onboarding\.venv\Lib\site-packages\aiogram\dispatcher\router.py", line 146, in propagate_event
    return await observer.wrap_outer_middleware(_wrapped, event=event, data=kwargs)
           ^^^^^^^^^^^^^^^^^^^^^^^^^^^^^^^^^^^^^^^^^^^^^^^^^^^^^^^^^^^^^^^^^^^^^^^^
  File "C:\Users\Дархан\Desktop\TrustMe\Onboarding\.venv\Lib\site-packages\aiogram\dispatcher\router.py", line 141, in _wrapped
    return await self._propagate_event(
           ^^^^^^^^^^^^^^^^^^^^^^^^^^^^
  File "C:\Users\Дархан\Desktop\TrustMe\Onboarding\.venv\Lib\site-packages\aiogram\dispatcher\router.py", line 174, in _propagate_event
    response = await router.propagate_event(update_type=update_type, event=event, **kwargs)
               ^^^^^^^^^^^^^^^^^^^^^^^^^^^^^^^^^^^^^^^^^^^^^^^^^^^^^^^^^^^^^^^^^^^^^^^^^^^^
  File "C:\Users\Дархан\Desktop\TrustMe\Onboarding\.venv\Lib\site-packages\aiogram\dispatcher\router.py", line 146, in propagate_event
    return await observer.wrap_outer_middleware(_wrapped, event=event, data=kwargs)
           ^^^^^^^^^^^^^^^^^^^^^^^^^^^^^^^^^^^^^^^^^^^^^^^^^^^^^^^^^^^^^^^^^^^^^^^^
  File "C:\Users\Дархан\Desktop\TrustMe\Onboarding\.venv\Lib\site-packages\aiogram\dispatcher\router.py", line 141, in _wrapped
    return await self._propagate_event(
           ^^^^^^^^^^^^^^^^^^^^^^^^^^^^
  File "C:\Users\Дархан\Desktop\TrustMe\Onboarding\.venv\Lib\site-packages\aiogram\dispatcher\router.py", line 166, in _propagate_event
    response = await observer.trigger(event, **kwargs)
               ^^^^^^^^^^^^^^^^^^^^^^^^^^^^^^^^^^^^^^^
  File "C:\Users\Дархан\Desktop\TrustMe\Onboarding\.venv\Lib\site-packages\aiogram\dispatcher\event\telegram.py", line 121, in trigger
    return await wrapped_inner(event, kwargs)
           ^^^^^^^^^^^^^^^^^^^^^^^^^^^^^^^^^^
  File "C:\Users\Дархан\Desktop\TrustMe\Onboarding\.venv\Lib\site-packages\aiogram\dispatcher\event\handler.py", line 43, in call
    return await wrapped()
           ^^^^^^^^^^^^^^^
  File "C:\Users\Дархан\Desktop\TrustMe\Onboarding\app\routers\onboarding.py", line 39, in command_start_handler
    await message.answer(json.dumps(user))
                         ^^^^^^^^^^^^^^^^
  File "C:\Program Files\Python312\Lib\json\__init__.py", line 231, in dumps
    return _default_encoder.encode(obj)
           ^^^^^^^^^^^^^^^^^^^^^^^^^^^^
  File "C:\Program Files\Python312\Lib\json\encoder.py", line 200, in encode
    chunks = self.iterencode(o, _one_shot=True)
             ^^^^^^^^^^^^^^^^^^^^^^^^^^^^^^^^^^
  File "C:\Program Files\Python312\Lib\json\encoder.py", line 258, in iterencode
    return _iterencode(o, 0)
           ^^^^^^^^^^^^^^^^^
  File "C:\Program Files\Python312\Lib\json\encoder.py", line 180, in default
    raise TypeError(f'Object of type {o.__class__.__name__} '
TypeError: Object of type coroutine is not JSON serializable
2025-10-07 Tuesday 12:27:27 aiogram.dispatcher:INFO:Polling stopped
2025-10-07 Tuesday 12:27:27 aiogram.dispatcher:ERROR:Failed to fetch updates - TelegramNetworkError: HTTP Client says - ServerDisconnectedError: Server disconnected
2025-10-07 Tuesday 12:27:27 aiogram.dispatcher:WARNING:Sleep for 1.000000 seconds and try again... (tryings = 0, bot id = 8162229584)
2025-10-07 Tuesday 12:27:28 aiogram.dispatcher:INFO:Polling stopped for bot @TrustMeOnboardingBot id=8162229584 - 'Onboarding AI Bot'
2025-10-07 Tuesday 12:27:35 aiogram.dispatcher:INFO:Start polling
2025-10-07 Tuesday 12:27:35 aiogram.dispatcher:INFO:Run polling for bot @TrustMeOnboardingBot id=8162229584 - 'Onboarding AI Bot'
2025-10-07 Tuesday 12:28:02 aiogram.event:INFO:Update id=186056002 is not handled. Duration 78 ms by bot id=8162229584
2025-10-07 Tuesday 12:28:02 aiogram.event:ERROR:Cause exception while process update id=186056002 by bot id=8162229584
TypeError: Object of type User is not JSON serializable
Traceback (most recent call last):
  File "C:\Users\Дархан\Desktop\TrustMe\Onboarding\.venv\Lib\site-packages\aiogram\dispatcher\dispatcher.py", line 309, in _process_update
    response = await self.feed_update(bot, update, **kwargs)
               ^^^^^^^^^^^^^^^^^^^^^^^^^^^^^^^^^^^^^^^^^^^^^
  File "C:\Users\Дархан\Desktop\TrustMe\Onboarding\.venv\Lib\site-packages\aiogram\dispatcher\dispatcher.py", line 158, in feed_update
    response = await self.update.wrap_outer_middleware(
               ^^^^^^^^^^^^^^^^^^^^^^^^^^^^^^^^^^^^^^^^
  File "C:\Users\Дархан\Desktop\TrustMe\Onboarding\.venv\Lib\site-packages\aiogram\dispatcher\middlewares\error.py", line 25, in __call__
    return await handler(event, data)
           ^^^^^^^^^^^^^^^^^^^^^^^^^^
  File "C:\Users\Дархан\Desktop\TrustMe\Onboarding\.venv\Lib\site-packages\aiogram\dispatcher\middlewares\user_context.py", line 56, in __call__
    return await handler(event, data)
           ^^^^^^^^^^^^^^^^^^^^^^^^^^
  File "C:\Users\Дархан\Desktop\TrustMe\Onboarding\.venv\Lib\site-packages\aiogram\fsm\middleware.py", line 42, in __call__
    return await handler(event, data)
           ^^^^^^^^^^^^^^^^^^^^^^^^^^
  File "C:\Users\Дархан\Desktop\TrustMe\Onboarding\.venv\Lib\site-packages\aiogram\dispatcher\event\telegram.py", line 121, in trigger
    return await wrapped_inner(event, kwargs)
           ^^^^^^^^^^^^^^^^^^^^^^^^^^^^^^^^^^
  File "C:\Users\Дархан\Desktop\TrustMe\Onboarding\app\middlewares\db.py", line 21, in __call__
    return await handler(event, data)
           ^^^^^^^^^^^^^^^^^^^^^^^^^^
  File "C:\Users\Дархан\Desktop\TrustMe\Onboarding\.venv\Lib\site-packages\aiogram\dispatcher\event\handler.py", line 43, in call
    return await wrapped()
           ^^^^^^^^^^^^^^^
  File "C:\Users\Дархан\Desktop\TrustMe\Onboarding\.venv\Lib\site-packages\aiogram\dispatcher\dispatcher.py", line 276, in _listen_update
    return await self.propagate_event(update_type=update_type, event=event, **kwargs)
           ^^^^^^^^^^^^^^^^^^^^^^^^^^^^^^^^^^^^^^^^^^^^^^^^^^^^^^^^^^^^^^^^^^^^^^^^^^
  File "C:\Users\Дархан\Desktop\TrustMe\Onboarding\.venv\Lib\site-packages\aiogram\dispatcher\router.py", line 146, in propagate_event
    return await observer.wrap_outer_middleware(_wrapped, event=event, data=kwargs)
           ^^^^^^^^^^^^^^^^^^^^^^^^^^^^^^^^^^^^^^^^^^^^^^^^^^^^^^^^^^^^^^^^^^^^^^^^
  File "C:\Users\Дархан\Desktop\TrustMe\Onboarding\.venv\Lib\site-packages\aiogram\dispatcher\router.py", line 141, in _wrapped
    return await self._propagate_event(
           ^^^^^^^^^^^^^^^^^^^^^^^^^^^^
  File "C:\Users\Дархан\Desktop\TrustMe\Onboarding\.venv\Lib\site-packages\aiogram\dispatcher\router.py", line 174, in _propagate_event
    response = await router.propagate_event(update_type=update_type, event=event, **kwargs)
               ^^^^^^^^^^^^^^^^^^^^^^^^^^^^^^^^^^^^^^^^^^^^^^^^^^^^^^^^^^^^^^^^^^^^^^^^^^^^
  File "C:\Users\Дархан\Desktop\TrustMe\Onboarding\.venv\Lib\site-packages\aiogram\dispatcher\router.py", line 146, in propagate_event
    return await observer.wrap_outer_middleware(_wrapped, event=event, data=kwargs)
           ^^^^^^^^^^^^^^^^^^^^^^^^^^^^^^^^^^^^^^^^^^^^^^^^^^^^^^^^^^^^^^^^^^^^^^^^
  File "C:\Users\Дархан\Desktop\TrustMe\Onboarding\.venv\Lib\site-packages\aiogram\dispatcher\router.py", line 141, in _wrapped
    return await self._propagate_event(
           ^^^^^^^^^^^^^^^^^^^^^^^^^^^^
  File "C:\Users\Дархан\Desktop\TrustMe\Onboarding\.venv\Lib\site-packages\aiogram\dispatcher\router.py", line 174, in _propagate_event
    response = await router.propagate_event(update_type=update_type, event=event, **kwargs)
               ^^^^^^^^^^^^^^^^^^^^^^^^^^^^^^^^^^^^^^^^^^^^^^^^^^^^^^^^^^^^^^^^^^^^^^^^^^^^
  File "C:\Users\Дархан\Desktop\TrustMe\Onboarding\.venv\Lib\site-packages\aiogram\dispatcher\router.py", line 146, in propagate_event
    return await observer.wrap_outer_middleware(_wrapped, event=event, data=kwargs)
           ^^^^^^^^^^^^^^^^^^^^^^^^^^^^^^^^^^^^^^^^^^^^^^^^^^^^^^^^^^^^^^^^^^^^^^^^
  File "C:\Users\Дархан\Desktop\TrustMe\Onboarding\.venv\Lib\site-packages\aiogram\dispatcher\router.py", line 141, in _wrapped
    return await self._propagate_event(
           ^^^^^^^^^^^^^^^^^^^^^^^^^^^^
  File "C:\Users\Дархан\Desktop\TrustMe\Onboarding\.venv\Lib\site-packages\aiogram\dispatcher\router.py", line 166, in _propagate_event
    response = await observer.trigger(event, **kwargs)
               ^^^^^^^^^^^^^^^^^^^^^^^^^^^^^^^^^^^^^^^
  File "C:\Users\Дархан\Desktop\TrustMe\Onboarding\.venv\Lib\site-packages\aiogram\dispatcher\event\telegram.py", line 121, in trigger
    return await wrapped_inner(event, kwargs)
           ^^^^^^^^^^^^^^^^^^^^^^^^^^^^^^^^^^
  File "C:\Users\Дархан\Desktop\TrustMe\Onboarding\.venv\Lib\site-packages\aiogram\dispatcher\event\handler.py", line 43, in call
    return await wrapped()
           ^^^^^^^^^^^^^^^
  File "C:\Users\Дархан\Desktop\TrustMe\Onboarding\app\routers\onboarding.py", line 39, in command_start_handler
    await message.answer(json.dumps(user))
                         ^^^^^^^^^^^^^^^^
  File "C:\Program Files\Python312\Lib\json\__init__.py", line 231, in dumps
    return _default_encoder.encode(obj)
           ^^^^^^^^^^^^^^^^^^^^^^^^^^^^
  File "C:\Program Files\Python312\Lib\json\encoder.py", line 200, in encode
    chunks = self.iterencode(o, _one_shot=True)
             ^^^^^^^^^^^^^^^^^^^^^^^^^^^^^^^^^^
  File "C:\Program Files\Python312\Lib\json\encoder.py", line 258, in iterencode
    return _iterencode(o, 0)
           ^^^^^^^^^^^^^^^^^
  File "C:\Program Files\Python312\Lib\json\encoder.py", line 180, in default
    raise TypeError(f'Object of type {o.__class__.__name__} '
TypeError: Object of type User is not JSON serializable
2025-10-07 Tuesday 12:28:25 aiogram.dispatcher:INFO:Polling stopped
2025-10-07 Tuesday 12:28:25 aiogram.dispatcher:ERROR:Failed to fetch updates - TelegramNetworkError: HTTP Client says - ServerDisconnectedError: Server disconnected
2025-10-07 Tuesday 12:28:25 aiogram.dispatcher:WARNING:Sleep for 1.000000 seconds and try again... (tryings = 0, bot id = 8162229584)
2025-10-07 Tuesday 12:28:25 aiogram.dispatcher:INFO:Polling stopped for bot @TrustMeOnboardingBot id=8162229584 - 'Onboarding AI Bot'
2025-10-07 Tuesday 12:28:56 aiogram.dispatcher:INFO:Start polling
2025-10-07 Tuesday 12:28:56 aiogram.dispatcher:INFO:Run polling for bot @TrustMeOnboardingBot id=8162229584 - 'Onboarding AI Bot'
2025-10-07 Tuesday 12:29:00 aiogram.event:INFO:Update id=186056003 is handled. Duration 594 ms by bot id=8162229584
2025-10-07 Tuesday 12:44:52 aiogram.dispatcher:INFO:Polling stopped
2025-10-07 Tuesday 12:44:52 aiogram.dispatcher:ERROR:Failed to fetch updates - TelegramNetworkError: HTTP Client says - ServerDisconnectedError: Server disconnected
2025-10-07 Tuesday 12:44:52 aiogram.dispatcher:WARNING:Sleep for 1.000000 seconds and try again... (tryings = 0, bot id = 8162229584)
2025-10-07 Tuesday 12:44:52 aiogram.dispatcher:INFO:Polling stopped for bot @TrustMeOnboardingBot id=8162229584 - 'Onboarding AI Bot'
2025-10-07 Tuesday 12:45:20 aiogram.dispatcher:INFO:Start polling
2025-10-07 Tuesday 12:45:20 aiogram.dispatcher:INFO:Run polling for bot @TrustMeOnboardingBot id=8162229584 - 'Onboarding AI Bot'
2025-10-07 Tuesday 12:45:22 aiogram.event:INFO:Update id=186056004 is handled. Duration 641 ms by bot id=8162229584
2025-10-07 Tuesday 14:09:14 aiogram.dispatcher:ERROR:Failed to fetch updates - TelegramNetworkError: HTTP Client says - Request timeout error
2025-10-07 Tuesday 14:09:14 aiogram.dispatcher:WARNING:Sleep for 1.000000 seconds and try again... (tryings = 0, bot id = 8162229584)
2025-10-07 Tuesday 14:09:15 aiogram.dispatcher:ERROR:Failed to fetch updates - TelegramNetworkError: HTTP Client says - ClientConnectorDNSError: Cannot connect to host api.telegram.org:443 ssl:default [getaddrinfo failed]
2025-10-07 Tuesday 14:09:15 aiogram.dispatcher:WARNING:Sleep for 1.105469 seconds and try again... (tryings = 1, bot id = 8162229584)
2025-10-07 Tuesday 14:09:16 aiogram.dispatcher:ERROR:Failed to fetch updates - TelegramNetworkError: HTTP Client says - ClientConnectorDNSError: Cannot connect to host api.telegram.org:443 ssl:default [getaddrinfo failed]
2025-10-07 Tuesday 14:09:16 aiogram.dispatcher:WARNING:Sleep for 1.534840 seconds and try again... (tryings = 2, bot id = 8162229584)
2025-10-07 Tuesday 14:09:28 aiogram.dispatcher:INFO:Connection established (tryings = 3, bot id = 8162229584)
2025-10-07 Tuesday 14:54:08 aiogram.dispatcher:INFO:Polling stopped
2025-10-07 Tuesday 14:54:08 aiogram.dispatcher:ERROR:Failed to fetch updates - TelegramNetworkError: HTTP Client says - ServerDisconnectedError: Server disconnected
2025-10-07 Tuesday 14:54:08 aiogram.dispatcher:WARNING:Sleep for 1.000000 seconds and try again... (tryings = 0, bot id = 8162229584)
2025-10-07 Tuesday 14:54:08 aiogram.dispatcher:INFO:Polling stopped for bot @TrustMeOnboardingBot id=8162229584 - 'Onboarding AI Bot'
2025-10-07 Tuesday 15:13:44 aiogram.dispatcher:INFO:Start polling
2025-10-07 Tuesday 15:13:44 aiogram.dispatcher:INFO:Run polling for bot @TrustMeOnboardingBot id=8162229584 - 'Onboarding AI Bot'
2025-10-07 Tuesday 15:13:59 aiogram.event:INFO:Update id=186056005 is handled. Duration 530 ms by bot id=8162229584
2025-10-07 Tuesday 15:14:02 aiogram.event:INFO:Update id=186056006 is handled. Duration 264 ms by bot id=8162229584
2025-10-07 Tuesday 15:14:32 aiogram.dispatcher:INFO:Polling stopped
2025-10-07 Tuesday 15:14:32 aiogram.dispatcher:ERROR:Failed to fetch updates - TelegramNetworkError: HTTP Client says - ServerDisconnectedError: Server disconnected
2025-10-07 Tuesday 15:14:32 aiogram.dispatcher:WARNING:Sleep for 1.000000 seconds and try again... (tryings = 0, bot id = 8162229584)
2025-10-07 Tuesday 15:14:32 aiogram.dispatcher:INFO:Polling stopped for bot @TrustMeOnboardingBot id=8162229584 - 'Onboarding AI Bot'
2025-10-07 Tuesday 15:22:28 aiogram.dispatcher:INFO:Start polling
2025-10-07 Tuesday 15:22:28 aiogram.dispatcher:INFO:Run polling for bot @TrustMeOnboardingBot id=8162229584 - 'Onboarding AI Bot'
2025-10-07 Tuesday 15:22:35 aiogram.event:INFO:Update id=186056007 is handled. Duration 562 ms by bot id=8162229584
2025-10-07 Tuesday 15:22:37 aiogram.event:INFO:Update id=186056008 is handled. Duration 219 ms by bot id=8162229584
2025-10-07 Tuesday 15:23:20 aiogram.dispatcher:INFO:Polling stopped
2025-10-07 Tuesday 15:23:20 aiogram.dispatcher:ERROR:Failed to fetch updates - TelegramNetworkError: HTTP Client says - ServerDisconnectedError: Server disconnected
2025-10-07 Tuesday 15:23:20 aiogram.dispatcher:WARNING:Sleep for 1.000000 seconds and try again... (tryings = 0, bot id = 8162229584)
2025-10-07 Tuesday 15:23:20 aiogram.dispatcher:INFO:Polling stopped for bot @TrustMeOnboardingBot id=8162229584 - 'Onboarding AI Bot'
2025-10-07 Tuesday 15:23:32 aiogram.dispatcher:INFO:Start polling
2025-10-07 Tuesday 15:23:32 aiogram.dispatcher:INFO:Run polling for bot @TrustMeOnboardingBot id=8162229584 - 'Onboarding AI Bot'
2025-10-07 Tuesday 15:23:36 aiogram.event:INFO:Update id=186056009 is handled. Duration 516 ms by bot id=8162229584
2025-10-07 Tuesday 15:23:37 aiogram.event:INFO:Update id=186056010 is handled. Duration 187 ms by bot id=8162229584
2025-10-07 Tuesday 15:24:25 aiogram.event:INFO:Update id=186056011 is handled. Duration 125 ms by bot id=8162229584
2025-10-07 Tuesday 15:24:36 aiogram.event:INFO:Update id=186056012 is handled. Duration 6782 ms by bot id=8162229584
